2025-03-18 09:47:51.333 [impalaquery] INFO  c.b.i.ImpalaqueryApplication [logStarting:55] - Starting ImpalaqueryApplication using Java 1.8.0_281 on DESKTOP-1QDM806 with PID 11656 (C:\Intellij\impalaquery\target\classes started by 81902 in C:\Intellij\impalaquery)
2025-03-18 09:47:51.348 [impalaquery] DEBUG c.b.i.ImpalaqueryApplication [logStarting:56] - Running with Spring Boot v2.7.18, Spring v5.3.31
2025-03-18 09:47:51.348 [impalaquery] INFO  c.b.i.ImpalaqueryApplication [logStartupProfileInfo:638] - The following 1 profile is active: "dev"
2025-03-18 09:47:54.207 [impalaquery] INFO  c.b.i.ImpalaqueryApplication [logStarted:61] - Started ImpalaqueryApplication in 3.769 seconds (JVM running for 5.837)
2025-03-18 09:48:45.460 [impalaquery] DEBUG c.b.i.t.m.Test2Mapper.selectTest3 [debug:137] - ==>  Preparing: SELECT 1000
2025-03-18 09:48:45.460 [impalaquery] DEBUG c.b.i.t.m.Test2Mapper.selectTest2 [debug:137] - ==>  Preparing: SELECT field_1, field_2, field_3 FROM bsf.test2 WHERE field_1 = ? order by field_1 desc
2025-03-18 09:48:46.061 [impalaquery] DEBUG c.b.i.t.m.Test2Mapper.selectTest3 [debug:137] - ==> Parameters: 
2025-03-18 09:48:46.168 [impalaquery] DEBUG c.b.i.t.m.Test2Mapper.selectTest3 [debug:137] - <==      Total: 1
2025-03-18 09:48:46.194 [impalaquery] DEBUG c.b.i.t.m.Test2Mapper.selectTest2 [debug:137] - ==> Parameters: c(String)
2025-03-18 09:48:47.647 [impalaquery] DEBUG c.b.i.t.m.Test2Mapper.selectTest2 [debug:137] - <==      Total: 1
2025-03-18 09:50:03.142 [impalaquery] INFO  c.b.i.ImpalaqueryApplication [logStarting:55] - Starting ImpalaqueryApplication using Java 1.8.0_281 on DESKTOP-1QDM806 with PID 10700 (C:\Intellij\impalaquery\target\classes started by 81902 in C:\Intellij\impalaquery)
2025-03-18 09:50:03.149 [impalaquery] DEBUG c.b.i.ImpalaqueryApplication [logStarting:56] - Running with Spring Boot v2.7.18, Spring v5.3.31
2025-03-18 09:50:03.151 [impalaquery] INFO  c.b.i.ImpalaqueryApplication [logStartupProfileInfo:638] - The following 1 profile is active: "dev"
2025-03-18 09:50:07.019 [impalaquery] INFO  c.b.i.ImpalaqueryApplication [logStarted:61] - Started ImpalaqueryApplication in 4.94 seconds (JVM running for 7.719)
2025-03-18 09:50:23.832 [impalaquery] DEBUG c.b.i.t.m.Test2Mapper.selectTest2 [debug:137] - ==>  Preparing: SELECT field_1, field_2, field_3 FROM bsf.test2 WHERE field_1 = ? order by field_1 desc
2025-03-18 09:50:23.832 [impalaquery] DEBUG c.b.i.t.m.Test2Mapper.selectTest3 [debug:137] - ==>  Preparing: SELECT 1000
2025-03-18 09:50:24.113 [impalaquery] DEBUG c.b.i.t.m.Test2Mapper.selectTest3 [debug:137] - ==> Parameters: 
2025-03-18 09:50:24.205 [impalaquery] DEBUG c.b.i.t.m.Test2Mapper.selectTest3 [debug:137] - <==      Total: 1
2025-03-18 09:50:24.211 [impalaquery] DEBUG c.b.i.t.m.Test2Mapper.selectTest2 [debug:137] - ==> Parameters: c(String)
2025-03-18 09:50:25.070 [impalaquery] DEBUG c.b.i.t.m.Test2Mapper.selectTest2 [debug:137] - <==      Total: 1
2025-03-18 09:52:13.624 [impalaquery] INFO  c.b.i.ImpalaqueryApplication [logStarting:55] - Starting ImpalaqueryApplication using Java 1.8.0_281 on DESKTOP-1QDM806 with PID 11580 (C:\Intellij\impalaquery\target\classes started by 81902 in C:\Intellij\impalaquery)
2025-03-18 09:52:13.628 [impalaquery] DEBUG c.b.i.ImpalaqueryApplication [logStarting:56] - Running with Spring Boot v2.7.18, Spring v5.3.31
2025-03-18 09:52:13.629 [impalaquery] INFO  c.b.i.ImpalaqueryApplication [logStartupProfileInfo:638] - The following 1 profile is active: "dev"
2025-03-18 09:52:16.088 [impalaquery] INFO  c.b.i.ImpalaqueryApplication [logStarted:61] - Started ImpalaqueryApplication in 3.336 seconds (JVM running for 4.732)
2025-03-18 09:52:26.823 [impalaquery] DEBUG c.b.i.t.m.Test2Mapper.selectTest3 [debug:137] - ==>  Preparing: SELECT 1000
2025-03-18 09:52:26.823 [impalaquery] DEBUG c.b.i.t.m.Test2Mapper.selectTest2 [debug:137] - ==>  Preparing: SELECT field_1, field_2, field_3 FROM bsf.test2 WHERE field_1 = ? order by field_1 desc
2025-03-18 09:52:27.377 [impalaquery] DEBUG c.b.i.t.m.Test2Mapper.selectTest3 [debug:137] - ==> Parameters: 
2025-03-18 09:52:27.421 [impalaquery] DEBUG c.b.i.t.m.Test2Mapper.selectTest2 [debug:137] - ==> Parameters: c(String)
2025-03-18 09:52:27.433 [impalaquery] DEBUG c.b.i.t.m.Test2Mapper.selectTest3 [debug:137] - <==      Total: 1
2025-03-18 09:52:28.331 [impalaquery] DEBUG c.b.i.t.m.Test2Mapper.selectTest2 [debug:137] - <==      Total: 1
2025-03-18 09:58:31.454 [impalaquery] INFO  c.b.i.ImpalaqueryApplication [logStarting:55] - Starting ImpalaqueryApplication using Java 1.8.0_281 on DESKTOP-1QDM806 with PID 10300 (C:\Intellij\impalaquery\target\classes started by 81902 in C:\Intellij\impalaquery)
2025-03-18 09:58:31.459 [impalaquery] DEBUG c.b.i.ImpalaqueryApplication [logStarting:56] - Running with Spring Boot v2.7.18, Spring v5.3.31
2025-03-18 09:58:31.460 [impalaquery] INFO  c.b.i.ImpalaqueryApplication [logStartupProfileInfo:638] - The following 1 profile is active: "dev"
2025-03-18 09:58:34.515 [impalaquery] INFO  c.b.i.ImpalaqueryApplication [logStarted:61] - Started ImpalaqueryApplication in 3.865 seconds (JVM running for 5.328)
2025-03-18 09:58:41.053 [impalaquery] DEBUG c.b.i.t.m.Test2Mapper.selectTest3 [debug:137] - ==>  Preparing: SELECT 1000
2025-03-18 09:58:41.053 [impalaquery] DEBUG c.b.i.t.m.Test2Mapper.selectTest2 [debug:137] - ==>  Preparing: SELECT field_1, field_2, field_3 FROM bsf.test2 WHERE field_1 = ? order by field_1 desc
2025-03-18 09:58:41.213 [impalaquery] DEBUG c.b.i.t.m.Test2Mapper.selectTest3 [debug:137] - ==> Parameters: 
2025-03-18 09:58:41.278 [impalaquery] DEBUG c.b.i.t.m.Test2Mapper.selectTest3 [debug:137] - <==      Total: 1
2025-03-18 09:58:41.280 [impalaquery] DEBUG c.b.i.t.m.Test2Mapper.selectTest2 [debug:137] - ==> Parameters: c(String)
2025-03-18 09:58:41.747 [impalaquery] DEBUG c.b.i.t.m.Test2Mapper.selectTest2 [debug:137] - <==      Total: 1
2025-03-18 09:59:47.160 [impalaquery] INFO  c.b.i.ImpalaqueryApplication [logStarting:55] - Starting ImpalaqueryApplication using Java 1.8.0_281 on DESKTOP-1QDM806 with PID 8768 (C:\Intellij\impalaquery\target\classes started by 81902 in C:\Intellij\impalaquery)
2025-03-18 09:59:47.165 [impalaquery] DEBUG c.b.i.ImpalaqueryApplication [logStarting:56] - Running with Spring Boot v2.7.18, Spring v5.3.31
2025-03-18 09:59:47.165 [impalaquery] INFO  c.b.i.ImpalaqueryApplication [logStartupProfileInfo:638] - The following 1 profile is active: "dev"
2025-03-18 09:59:49.358 [impalaquery] INFO  c.b.i.ImpalaqueryApplication [logStarted:61] - Started ImpalaqueryApplication in 3.067 seconds (JVM running for 4.685)
2025-03-18 10:00:04.223 [impalaquery] DEBUG c.b.i.t.m.Test2Mapper.selectTest3 [debug:137] - ==>  Preparing: SELECT COUNT(*) AS CNT FROM bsf.test2
2025-03-18 10:00:04.223 [impalaquery] DEBUG c.b.i.t.m.Test2Mapper.selectTest2 [debug:137] - ==>  Preparing: SELECT field_1, field_2, field_3 FROM bsf.test2 WHERE field_1 = ? order by field_1 desc
2025-03-18 10:00:04.435 [impalaquery] DEBUG c.b.i.t.m.Test2Mapper.selectTest3 [debug:137] - ==> Parameters: 
2025-03-18 10:00:04.482 [impalaquery] DEBUG c.b.i.t.m.Test2Mapper.selectTest2 [debug:137] - ==> Parameters: c(String)
2025-03-18 10:00:04.787 [impalaquery] DEBUG c.b.i.t.m.Test2Mapper.selectTest3 [debug:137] - <==      Total: 1
2025-03-18 10:00:05.397 [impalaquery] DEBUG c.b.i.t.m.Test2Mapper.selectTest2 [debug:137] - <==      Total: 1
2025-03-18 10:00:21.636 [impalaquery] DEBUG c.b.i.t.m.Test2Mapper.selectTest2 [debug:137] - ==>  Preparing: SELECT field_1, field_2, field_3 FROM bsf.test2 WHERE field_1 = ? order by field_1 desc
2025-03-18 10:00:21.636 [impalaquery] DEBUG c.b.i.t.m.Test2Mapper.selectTest3 [debug:137] - ==>  Preparing: SELECT COUNT(*) AS CNT FROM bsf.test2
2025-03-18 10:00:21.694 [impalaquery] DEBUG c.b.i.t.m.Test2Mapper.selectTest3 [debug:137] - ==> Parameters: 
2025-03-18 10:00:21.694 [impalaquery] DEBUG c.b.i.t.m.Test2Mapper.selectTest2 [debug:137] - ==> Parameters: c(String)
2025-03-18 10:00:22.091 [impalaquery] DEBUG c.b.i.t.m.Test2Mapper.selectTest3 [debug:137] - <==      Total: 1
2025-03-18 10:00:22.840 [impalaquery] DEBUG c.b.i.t.m.Test2Mapper.selectTest2 [debug:137] - <==      Total: 1
2025-03-18 10:00:34.868 [impalaquery] DEBUG c.b.i.t.m.Test2Mapper.selectTest3 [debug:137] - ==>  Preparing: SELECT COUNT(*) AS CNT FROM bsf.test2
2025-03-18 10:00:34.868 [impalaquery] DEBUG c.b.i.t.m.Test2Mapper.selectTest2 [debug:137] - ==>  Preparing: SELECT field_1, field_2, field_3 FROM bsf.test2 WHERE field_1 = ? order by field_1 desc
2025-03-18 10:00:34.955 [impalaquery] DEBUG c.b.i.t.m.Test2Mapper.selectTest3 [debug:137] - ==> Parameters: 
2025-03-18 10:00:34.965 [impalaquery] DEBUG c.b.i.t.m.Test2Mapper.selectTest2 [debug:137] - ==> Parameters: c(String)
2025-03-18 10:00:35.211 [impalaquery] DEBUG c.b.i.t.m.Test2Mapper.selectTest3 [debug:137] - <==      Total: 1
2025-03-18 10:00:35.861 [impalaquery] DEBUG c.b.i.t.m.Test2Mapper.selectTest2 [debug:137] - <==      Total: 1
2025-03-18 10:02:20.731 [impalaquery] INFO  c.b.i.ImpalaqueryApplication [logStarting:55] - Starting ImpalaqueryApplication using Java 1.8.0_281 on DESKTOP-1QDM806 with PID 7708 (C:\Intellij\impalaquery\target\classes started by 81902 in C:\Intellij\impalaquery)
2025-03-18 10:02:20.736 [impalaquery] DEBUG c.b.i.ImpalaqueryApplication [logStarting:56] - Running with Spring Boot v2.7.18, Spring v5.3.31
2025-03-18 10:02:20.737 [impalaquery] INFO  c.b.i.ImpalaqueryApplication [logStartupProfileInfo:638] - The following 1 profile is active: "dev"
2025-03-18 10:02:23.845 [impalaquery] INFO  c.b.i.ImpalaqueryApplication [logStarted:61] - Started ImpalaqueryApplication in 4.035 seconds (JVM running for 6.169)
2025-03-18 10:02:33.758 [impalaquery] DEBUG c.b.i.t.m.Test2Mapper.selectTest2 [debug:137] - ==>  Preparing: SELECT field_1, field_2, field_3 FROM bsf.test2 WHERE field_1 = ? order by field_1 desc
2025-03-18 10:02:34.056 [impalaquery] DEBUG c.b.i.t.m.Test2Mapper.selectTest2 [debug:137] - ==> Parameters: c(String)
2025-03-18 10:02:34.899 [impalaquery] DEBUG c.b.i.t.m.Test2Mapper.selectTest2 [debug:137] - <==      Total: 1
2025-03-18 10:06:34.939 [impalaquery] INFO  c.b.i.ImpalaqueryApplication [logStarting:55] - Starting ImpalaqueryApplication using Java 1.8.0_281 on DESKTOP-1QDM806 with PID 4416 (C:\Intellij\impalaquery\target\classes started by 81902 in C:\Intellij\impalaquery)
2025-03-18 10:06:34.943 [impalaquery] DEBUG c.b.i.ImpalaqueryApplication [logStarting:56] - Running with Spring Boot v2.7.18, Spring v5.3.31
2025-03-18 10:06:34.944 [impalaquery] INFO  c.b.i.ImpalaqueryApplication [logStartupProfileInfo:638] - The following 1 profile is active: "dev"
2025-03-18 10:06:38.287 [impalaquery] INFO  c.b.i.ImpalaqueryApplication [logStarted:61] - Started ImpalaqueryApplication in 4.276 seconds (JVM running for 6.11)
2025-03-18 10:06:49.614 [impalaquery] DEBUG c.b.i.t.m.Test2Mapper.selectTest2 [debug:137] - ==>  Preparing: SELECT field_1, field_2, field_3 FROM bsf.test2 WHERE field_1 = ? order by field_1 desc
2025-03-18 10:06:49.916 [impalaquery] DEBUG c.b.i.t.m.Test2Mapper.selectTest2 [debug:137] - ==> Parameters: c(String)
2025-03-18 10:06:50.757 [impalaquery] DEBUG c.b.i.t.m.Test2Mapper.selectTest2 [debug:137] - <==      Total: 1
2025-03-18 10:07:01.572 [impalaquery] DEBUG c.b.i.t.m.Test2Mapper.selectTest2 [debug:137] - ==>  Preparing: SELECT field_1, field_2, field_3 FROM bsf.test2 WHERE field_1 = ? order by field_1 desc
2025-03-18 10:07:01.612 [impalaquery] DEBUG c.b.i.t.m.Test2Mapper.selectTest2 [debug:137] - ==> Parameters: c(String)
2025-03-18 10:07:02.338 [impalaquery] DEBUG c.b.i.t.m.Test2Mapper.selectTest2 [debug:137] - <==      Total: 1
2025-03-18 10:07:11.399 [impalaquery] DEBUG c.b.i.t.m.Test2Mapper.selectTest2 [debug:137] - ==>  Preparing: SELECT field_1, field_2, field_3 FROM bsf.test2 WHERE field_1 = ? order by field_1 desc
2025-03-18 10:07:11.431 [impalaquery] DEBUG c.b.i.t.m.Test2Mapper.selectTest2 [debug:137] - ==> Parameters: c(String)
2025-03-18 10:07:12.448 [impalaquery] DEBUG c.b.i.t.m.Test2Mapper.selectTest2 [debug:137] - <==      Total: 1
2025-03-18 10:07:49.550 [impalaquery] INFO  c.b.i.t.controller.Test2Controller [selectTest22:27] - [v] ---------- RestFul API CALL!! , param : {field_1=c} ----------
2025-03-18 10:07:49.559 [impalaquery] ERROR c.b.i.t.controller.Test2Controller [selectTest22:36] - Error occurred while calling the API: Invalid bound statement (not found): com.bsn.impalaquery.test2.mapper.Test2Mapper.selectTest22
org.apache.ibatis.binding.BindingException: Invalid bound statement (not found): com.bsn.impalaquery.test2.mapper.Test2Mapper.selectTest22
	at org.apache.ibatis.binding.MapperMethod$SqlCommand.<init>(MapperMethod.java:235)
	at org.apache.ibatis.binding.MapperMethod.<init>(MapperMethod.java:53)
	at org.apache.ibatis.binding.MapperProxy.lambda$cachedInvoker$0(MapperProxy.java:108)
	at java.util.concurrent.ConcurrentHashMap.computeIfAbsent(ConcurrentHashMap.java:1660)
	at org.apache.ibatis.util.MapUtil.computeIfAbsent(MapUtil.java:36)
	at org.apache.ibatis.binding.MapperProxy.cachedInvoker(MapperProxy.java:95)
	at org.apache.ibatis.binding.MapperProxy.invoke(MapperProxy.java:86)
	at com.sun.proxy.$Proxy62.selectTest22(Unknown Source)
	at com.bsn.impalaquery.test2.service.Test2Service.selectTest22(Test2Service.java:60)
	at com.bsn.impalaquery.test2.controller.Test2Controller.selectTest22(Test2Controller.java:33)
	at sun.reflect.NativeMethodAccessorImpl.invoke0(Native Method)
	at sun.reflect.NativeMethodAccessorImpl.invoke(NativeMethodAccessorImpl.java:62)
	at sun.reflect.DelegatingMethodAccessorImpl.invoke(DelegatingMethodAccessorImpl.java:43)
	at java.lang.reflect.Method.invoke(Method.java:498)
	at org.springframework.web.method.support.InvocableHandlerMethod.doInvoke(InvocableHandlerMethod.java:205)
	at org.springframework.web.method.support.InvocableHandlerMethod.invokeForRequest(InvocableHandlerMethod.java:150)
	at org.springframework.web.servlet.mvc.method.annotation.ServletInvocableHandlerMethod.invokeAndHandle(ServletInvocableHandlerMethod.java:117)
	at org.springframework.web.servlet.mvc.method.annotation.RequestMappingHandlerAdapter.invokeHandlerMethod(RequestMappingHandlerAdapter.java:895)
	at org.springframework.web.servlet.mvc.method.annotation.RequestMappingHandlerAdapter.handleInternal(RequestMappingHandlerAdapter.java:808)
	at org.springframework.web.servlet.mvc.method.AbstractHandlerMethodAdapter.handle(AbstractHandlerMethodAdapter.java:87)
	at org.springframework.web.servlet.DispatcherServlet.doDispatch(DispatcherServlet.java:1072)
	at org.springframework.web.servlet.DispatcherServlet.doService(DispatcherServlet.java:965)
	at org.springframework.web.servlet.FrameworkServlet.processRequest(FrameworkServlet.java:1006)
	at org.springframework.web.servlet.FrameworkServlet.doPost(FrameworkServlet.java:909)
	at javax.servlet.http.HttpServlet.service(HttpServlet.java:555)
	at org.springframework.web.servlet.FrameworkServlet.service(FrameworkServlet.java:883)
	at javax.servlet.http.HttpServlet.service(HttpServlet.java:623)
	at org.apache.catalina.core.ApplicationFilterChain.internalDoFilter(ApplicationFilterChain.java:209)
	at org.apache.catalina.core.ApplicationFilterChain.doFilter(ApplicationFilterChain.java:153)
	at org.apache.tomcat.websocket.server.WsFilter.doFilter(WsFilter.java:51)
	at org.apache.catalina.core.ApplicationFilterChain.internalDoFilter(ApplicationFilterChain.java:178)
	at org.apache.catalina.core.ApplicationFilterChain.doFilter(ApplicationFilterChain.java:153)
	at org.springframework.web.filter.RequestContextFilter.doFilterInternal(RequestContextFilter.java:100)
	at org.springframework.web.filter.OncePerRequestFilter.doFilter(OncePerRequestFilter.java:117)
	at org.apache.catalina.core.ApplicationFilterChain.internalDoFilter(ApplicationFilterChain.java:178)
	at org.apache.catalina.core.ApplicationFilterChain.doFilter(ApplicationFilterChain.java:153)
	at org.springframework.web.filter.FormContentFilter.doFilterInternal(FormContentFilter.java:93)
	at org.springframework.web.filter.OncePerRequestFilter.doFilter(OncePerRequestFilter.java:117)
	at org.apache.catalina.core.ApplicationFilterChain.internalDoFilter(ApplicationFilterChain.java:178)
	at org.apache.catalina.core.ApplicationFilterChain.doFilter(ApplicationFilterChain.java:153)
	at org.springframework.web.filter.CharacterEncodingFilter.doFilterInternal(CharacterEncodingFilter.java:201)
	at org.springframework.web.filter.OncePerRequestFilter.doFilter(OncePerRequestFilter.java:117)
	at org.apache.catalina.core.ApplicationFilterChain.internalDoFilter(ApplicationFilterChain.java:178)
	at org.apache.catalina.core.ApplicationFilterChain.doFilter(ApplicationFilterChain.java:153)
	at org.apache.catalina.core.StandardWrapperValve.invoke(StandardWrapperValve.java:168)
	at org.apache.catalina.core.StandardContextValve.invoke(StandardContextValve.java:90)
	at org.apache.catalina.authenticator.AuthenticatorBase.invoke(AuthenticatorBase.java:481)
	at org.apache.catalina.core.StandardHostValve.invoke(StandardHostValve.java:130)
	at org.apache.catalina.valves.ErrorReportValve.invoke(ErrorReportValve.java:93)
	at org.apache.catalina.core.StandardEngineValve.invoke(StandardEngineValve.java:74)
	at org.apache.catalina.connector.CoyoteAdapter.service(CoyoteAdapter.java:342)
	at org.apache.coyote.http11.Http11Processor.service(Http11Processor.java:390)
	at org.apache.coyote.AbstractProcessorLight.process(AbstractProcessorLight.java:63)
	at org.apache.coyote.AbstractProtocol$ConnectionHandler.process(AbstractProtocol.java:928)
	at org.apache.tomcat.util.net.NioEndpoint$SocketProcessor.doRun(NioEndpoint.java:1794)
	at org.apache.tomcat.util.net.SocketProcessorBase.run(SocketProcessorBase.java:52)
	at org.apache.tomcat.util.threads.ThreadPoolExecutor.runWorker(ThreadPoolExecutor.java:1191)
	at org.apache.tomcat.util.threads.ThreadPoolExecutor$Worker.run(ThreadPoolExecutor.java:659)
	at org.apache.tomcat.util.threads.TaskThread$WrappingRunnable.run(TaskThread.java:61)
	at java.lang.Thread.run(Thread.java:748)
2025-03-18 10:08:23.135 [impalaquery] INFO  c.b.i.ImpalaqueryApplication [logStarting:55] - Starting ImpalaqueryApplication using Java 1.8.0_281 on DESKTOP-1QDM806 with PID 3680 (C:\Intellij\impalaquery\target\classes started by 81902 in C:\Intellij\impalaquery)
2025-03-18 10:08:23.140 [impalaquery] DEBUG c.b.i.ImpalaqueryApplication [logStarting:56] - Running with Spring Boot v2.7.18, Spring v5.3.31
2025-03-18 10:08:23.141 [impalaquery] INFO  c.b.i.ImpalaqueryApplication [logStartupProfileInfo:638] - The following 1 profile is active: "dev"
2025-03-18 10:08:25.447 [impalaquery] INFO  c.b.i.ImpalaqueryApplication [logStarted:61] - Started ImpalaqueryApplication in 3.064 seconds (JVM running for 4.38)
2025-03-18 10:08:36.687 [impalaquery] INFO  c.b.i.t.controller.Test2Controller [selectTest22:27] - [v] ---------- RestFul API CALL!! , param : {field_1=c} ----------
2025-03-18 10:08:36.695 [impalaquery] ERROR c.b.i.t.controller.Test2Controller [selectTest22:37] - Error occurred while calling the API: Invalid bound statement (not found): com.bsn.impalaquery.test2.mapper.Test2Mapper.selectTest22
org.apache.ibatis.binding.BindingException: Invalid bound statement (not found): com.bsn.impalaquery.test2.mapper.Test2Mapper.selectTest22
	at org.apache.ibatis.binding.MapperMethod$SqlCommand.<init>(MapperMethod.java:235)
	at org.apache.ibatis.binding.MapperMethod.<init>(MapperMethod.java:53)
	at org.apache.ibatis.binding.MapperProxy.lambda$cachedInvoker$0(MapperProxy.java:108)
	at java.util.concurrent.ConcurrentHashMap.computeIfAbsent(ConcurrentHashMap.java:1660)
	at org.apache.ibatis.util.MapUtil.computeIfAbsent(MapUtil.java:36)
	at org.apache.ibatis.binding.MapperProxy.cachedInvoker(MapperProxy.java:95)
	at org.apache.ibatis.binding.MapperProxy.invoke(MapperProxy.java:86)
	at com.sun.proxy.$Proxy62.selectTest22(Unknown Source)
	at com.bsn.impalaquery.test2.service.Test2Service.selectTest22(Test2Service.java:60)
	at com.bsn.impalaquery.test2.controller.Test2Controller.selectTest22(Test2Controller.java:34)
	at sun.reflect.NativeMethodAccessorImpl.invoke0(Native Method)
	at sun.reflect.NativeMethodAccessorImpl.invoke(NativeMethodAccessorImpl.java:62)
	at sun.reflect.DelegatingMethodAccessorImpl.invoke(DelegatingMethodAccessorImpl.java:43)
	at java.lang.reflect.Method.invoke(Method.java:498)
	at org.springframework.web.method.support.InvocableHandlerMethod.doInvoke(InvocableHandlerMethod.java:205)
	at org.springframework.web.method.support.InvocableHandlerMethod.invokeForRequest(InvocableHandlerMethod.java:150)
	at org.springframework.web.servlet.mvc.method.annotation.ServletInvocableHandlerMethod.invokeAndHandle(ServletInvocableHandlerMethod.java:117)
	at org.springframework.web.servlet.mvc.method.annotation.RequestMappingHandlerAdapter.invokeHandlerMethod(RequestMappingHandlerAdapter.java:895)
	at org.springframework.web.servlet.mvc.method.annotation.RequestMappingHandlerAdapter.handleInternal(RequestMappingHandlerAdapter.java:808)
	at org.springframework.web.servlet.mvc.method.AbstractHandlerMethodAdapter.handle(AbstractHandlerMethodAdapter.java:87)
	at org.springframework.web.servlet.DispatcherServlet.doDispatch(DispatcherServlet.java:1072)
	at org.springframework.web.servlet.DispatcherServlet.doService(DispatcherServlet.java:965)
	at org.springframework.web.servlet.FrameworkServlet.processRequest(FrameworkServlet.java:1006)
	at org.springframework.web.servlet.FrameworkServlet.doPost(FrameworkServlet.java:909)
	at javax.servlet.http.HttpServlet.service(HttpServlet.java:555)
	at org.springframework.web.servlet.FrameworkServlet.service(FrameworkServlet.java:883)
	at javax.servlet.http.HttpServlet.service(HttpServlet.java:623)
	at org.apache.catalina.core.ApplicationFilterChain.internalDoFilter(ApplicationFilterChain.java:209)
	at org.apache.catalina.core.ApplicationFilterChain.doFilter(ApplicationFilterChain.java:153)
	at org.apache.tomcat.websocket.server.WsFilter.doFilter(WsFilter.java:51)
	at org.apache.catalina.core.ApplicationFilterChain.internalDoFilter(ApplicationFilterChain.java:178)
	at org.apache.catalina.core.ApplicationFilterChain.doFilter(ApplicationFilterChain.java:153)
	at org.springframework.web.filter.RequestContextFilter.doFilterInternal(RequestContextFilter.java:100)
	at org.springframework.web.filter.OncePerRequestFilter.doFilter(OncePerRequestFilter.java:117)
	at org.apache.catalina.core.ApplicationFilterChain.internalDoFilter(ApplicationFilterChain.java:178)
	at org.apache.catalina.core.ApplicationFilterChain.doFilter(ApplicationFilterChain.java:153)
	at org.springframework.web.filter.FormContentFilter.doFilterInternal(FormContentFilter.java:93)
	at org.springframework.web.filter.OncePerRequestFilter.doFilter(OncePerRequestFilter.java:117)
	at org.apache.catalina.core.ApplicationFilterChain.internalDoFilter(ApplicationFilterChain.java:178)
	at org.apache.catalina.core.ApplicationFilterChain.doFilter(ApplicationFilterChain.java:153)
	at org.springframework.web.filter.CharacterEncodingFilter.doFilterInternal(CharacterEncodingFilter.java:201)
	at org.springframework.web.filter.OncePerRequestFilter.doFilter(OncePerRequestFilter.java:117)
	at org.apache.catalina.core.ApplicationFilterChain.internalDoFilter(ApplicationFilterChain.java:178)
	at org.apache.catalina.core.ApplicationFilterChain.doFilter(ApplicationFilterChain.java:153)
	at org.apache.catalina.core.StandardWrapperValve.invoke(StandardWrapperValve.java:168)
	at org.apache.catalina.core.StandardContextValve.invoke(StandardContextValve.java:90)
	at org.apache.catalina.authenticator.AuthenticatorBase.invoke(AuthenticatorBase.java:481)
	at org.apache.catalina.core.StandardHostValve.invoke(StandardHostValve.java:130)
	at org.apache.catalina.valves.ErrorReportValve.invoke(ErrorReportValve.java:93)
	at org.apache.catalina.core.StandardEngineValve.invoke(StandardEngineValve.java:74)
	at org.apache.catalina.connector.CoyoteAdapter.service(CoyoteAdapter.java:342)
	at org.apache.coyote.http11.Http11Processor.service(Http11Processor.java:390)
	at org.apache.coyote.AbstractProcessorLight.process(AbstractProcessorLight.java:63)
	at org.apache.coyote.AbstractProtocol$ConnectionHandler.process(AbstractProtocol.java:928)
	at org.apache.tomcat.util.net.NioEndpoint$SocketProcessor.doRun(NioEndpoint.java:1794)
	at org.apache.tomcat.util.net.SocketProcessorBase.run(SocketProcessorBase.java:52)
	at org.apache.tomcat.util.threads.ThreadPoolExecutor.runWorker(ThreadPoolExecutor.java:1191)
	at org.apache.tomcat.util.threads.ThreadPoolExecutor$Worker.run(ThreadPoolExecutor.java:659)
	at org.apache.tomcat.util.threads.TaskThread$WrappingRunnable.run(TaskThread.java:61)
	at java.lang.Thread.run(Thread.java:748)
2025-03-18 10:09:05.164 [impalaquery] INFO  c.b.i.ImpalaqueryApplication [logStarting:55] - Starting ImpalaqueryApplication using Java 1.8.0_281 on DESKTOP-1QDM806 with PID 932 (C:\Intellij\impalaquery\target\classes started by 81902 in C:\Intellij\impalaquery)
2025-03-18 10:09:05.170 [impalaquery] DEBUG c.b.i.ImpalaqueryApplication [logStarting:56] - Running with Spring Boot v2.7.18, Spring v5.3.31
2025-03-18 10:09:05.171 [impalaquery] INFO  c.b.i.ImpalaqueryApplication [logStartupProfileInfo:638] - The following 1 profile is active: "dev"
2025-03-18 10:09:08.460 [impalaquery] INFO  c.b.i.ImpalaqueryApplication [logStarted:61] - Started ImpalaqueryApplication in 4.316 seconds (JVM running for 5.961)
2025-03-18 10:09:17.350 [impalaquery] INFO  c.b.i.t.controller.Test2Controller [selectTest22:27] - [v] ---------- RestFul API CALL!! , param : {field_1=c} ----------
2025-03-18 10:09:17.391 [impalaquery] DEBUG c.b.i.t.m.Test2Mapper.selectTest22 [debug:137] - ==>  Preparing: SELECT field_1, field_2, field_3 FROM bsf.test2 WHERE field_1 = ? order by field_1 desc
2025-03-18 10:09:17.651 [impalaquery] DEBUG c.b.i.t.m.Test2Mapper.selectTest22 [debug:137] - ==> Parameters: c(String)
2025-03-18 10:09:18.430 [impalaquery] DEBUG c.b.i.t.m.Test2Mapper.selectTest22 [debug:137] - <==      Total: 1
2025-03-18 10:09:18.437 [impalaquery] INFO  c.b.i.t.controller.Test2Controller [selectTest22:35] - [{field_3=g, field_1=c, field_2=f}]
2025-03-18 10:09:27.585 [impalaquery] INFO  c.b.i.t.controller.Test2Controller [selectTest22:27] - [v] ---------- RestFul API CALL!! , param : {field_1=c} ----------
2025-03-18 10:09:27.591 [impalaquery] DEBUG c.b.i.t.m.Test2Mapper.selectTest22 [debug:137] - ==>  Preparing: SELECT field_1, field_2, field_3 FROM bsf.test2 WHERE field_1 = ? order by field_1 desc
2025-03-18 10:09:27.647 [impalaquery] DEBUG c.b.i.t.m.Test2Mapper.selectTest22 [debug:137] - ==> Parameters: c(String)
2025-03-18 10:09:28.430 [impalaquery] DEBUG c.b.i.t.m.Test2Mapper.selectTest22 [debug:137] - <==      Total: 1
2025-03-18 10:09:28.431 [impalaquery] INFO  c.b.i.t.controller.Test2Controller [selectTest22:35] - [{field_3=g, field_1=c, field_2=f}]
2025-03-18 10:09:36.438 [impalaquery] INFO  c.b.i.t.controller.Test2Controller [selectTest22:27] - [v] ---------- RestFul API CALL!! , param : {field_1=c} ----------
2025-03-18 10:09:36.443 [impalaquery] DEBUG c.b.i.t.m.Test2Mapper.selectTest22 [debug:137] - ==>  Preparing: SELECT field_1, field_2, field_3 FROM bsf.test2 WHERE field_1 = ? order by field_1 desc
2025-03-18 10:09:36.526 [impalaquery] DEBUG c.b.i.t.m.Test2Mapper.selectTest22 [debug:137] - ==> Parameters: c(String)
2025-03-18 10:09:37.399 [impalaquery] DEBUG c.b.i.t.m.Test2Mapper.selectTest22 [debug:137] - <==      Total: 1
2025-03-18 10:09:37.400 [impalaquery] INFO  c.b.i.t.controller.Test2Controller [selectTest22:35] - [{field_3=g, field_1=c, field_2=f}]
2025-03-18 10:09:46.690 [impalaquery] INFO  c.b.i.t.controller.Test2Controller [selectTest22:27] - [v] ---------- RestFul API CALL!! , param : {field_1=c} ----------
2025-03-18 10:09:46.694 [impalaquery] DEBUG c.b.i.t.m.Test2Mapper.selectTest22 [debug:137] - ==>  Preparing: SELECT field_1, field_2, field_3 FROM bsf.test2 WHERE field_1 = ? order by field_1 desc
2025-03-18 10:09:46.750 [impalaquery] DEBUG c.b.i.t.m.Test2Mapper.selectTest22 [debug:137] - ==> Parameters: c(String)
2025-03-18 10:09:47.587 [impalaquery] DEBUG c.b.i.t.m.Test2Mapper.selectTest22 [debug:137] - <==      Total: 1
2025-03-18 10:09:47.588 [impalaquery] INFO  c.b.i.t.controller.Test2Controller [selectTest22:35] - [{field_3=g, field_1=c, field_2=f}]
2025-03-18 10:09:59.357 [impalaquery] INFO  c.b.i.t.controller.Test2Controller [selectTest22:27] - [v] ---------- RestFul API CALL!! , param : {field_1=c} ----------
2025-03-18 10:09:59.360 [impalaquery] DEBUG c.b.i.t.m.Test2Mapper.selectTest22 [debug:137] - ==>  Preparing: SELECT field_1, field_2, field_3 FROM bsf.test2 WHERE field_1 = ? order by field_1 desc
2025-03-18 10:09:59.391 [impalaquery] DEBUG c.b.i.t.m.Test2Mapper.selectTest22 [debug:137] - ==> Parameters: c(String)
2025-03-18 10:10:00.408 [impalaquery] DEBUG c.b.i.t.m.Test2Mapper.selectTest22 [debug:137] - <==      Total: 1
2025-03-18 10:10:00.409 [impalaquery] INFO  c.b.i.t.controller.Test2Controller [selectTest22:35] - [{field_3=g, field_1=c, field_2=f}]
