2025-03-18 09:47:51.333 [impalaquery] INFO  c.b.i.ImpalaqueryApplication [logStarting:55] - Starting ImpalaqueryApplication using Java 1.8.0_281 on DESKTOP-1QDM806 with PID 11656 (C:\Intellij\impalaquery\target\classes started by 81902 in C:\Intellij\impalaquery)
2025-03-18 09:47:51.348 [impalaquery] INFO  c.b.i.ImpalaqueryApplication [logStartupProfileInfo:638] - The following 1 profile is active: "dev"
2025-03-18 09:47:54.207 [impalaquery] INFO  c.b.i.ImpalaqueryApplication [logStarted:61] - Started ImpalaqueryApplication in 3.769 seconds (JVM running for 5.837)
2025-03-18 09:50:03.142 [impalaquery] INFO  c.b.i.ImpalaqueryApplication [logStarting:55] - Starting ImpalaqueryApplication using Java 1.8.0_281 on DESKTOP-1QDM806 with PID 10700 (C:\Intellij\impalaquery\target\classes started by 81902 in C:\Intellij\impalaquery)
2025-03-18 09:50:03.151 [impalaquery] INFO  c.b.i.ImpalaqueryApplication [logStartupProfileInfo:638] - The following 1 profile is active: "dev"
2025-03-18 09:50:07.019 [impalaquery] INFO  c.b.i.ImpalaqueryApplication [logStarted:61] - Started ImpalaqueryApplication in 4.94 seconds (JVM running for 7.719)
2025-03-18 09:52:13.624 [impalaquery] INFO  c.b.i.ImpalaqueryApplication [logStarting:55] - Starting ImpalaqueryApplication using Java 1.8.0_281 on DESKTOP-1QDM806 with PID 11580 (C:\Intellij\impalaquery\target\classes started by 81902 in C:\Intellij\impalaquery)
2025-03-18 09:52:13.629 [impalaquery] INFO  c.b.i.ImpalaqueryApplication [logStartupProfileInfo:638] - The following 1 profile is active: "dev"
2025-03-18 09:52:16.088 [impalaquery] INFO  c.b.i.ImpalaqueryApplication [logStarted:61] - Started ImpalaqueryApplication in 3.336 seconds (JVM running for 4.732)
2025-03-18 09:58:31.454 [impalaquery] INFO  c.b.i.ImpalaqueryApplication [logStarting:55] - Starting ImpalaqueryApplication using Java 1.8.0_281 on DESKTOP-1QDM806 with PID 10300 (C:\Intellij\impalaquery\target\classes started by 81902 in C:\Intellij\impalaquery)
2025-03-18 09:58:31.460 [impalaquery] INFO  c.b.i.ImpalaqueryApplication [logStartupProfileInfo:638] - The following 1 profile is active: "dev"
2025-03-18 09:58:34.515 [impalaquery] INFO  c.b.i.ImpalaqueryApplication [logStarted:61] - Started ImpalaqueryApplication in 3.865 seconds (JVM running for 5.328)
2025-03-18 09:59:47.160 [impalaquery] INFO  c.b.i.ImpalaqueryApplication [logStarting:55] - Starting ImpalaqueryApplication using Java 1.8.0_281 on DESKTOP-1QDM806 with PID 8768 (C:\Intellij\impalaquery\target\classes started by 81902 in C:\Intellij\impalaquery)
2025-03-18 09:59:47.165 [impalaquery] INFO  c.b.i.ImpalaqueryApplication [logStartupProfileInfo:638] - The following 1 profile is active: "dev"
2025-03-18 09:59:49.358 [impalaquery] INFO  c.b.i.ImpalaqueryApplication [logStarted:61] - Started ImpalaqueryApplication in 3.067 seconds (JVM running for 4.685)
2025-03-18 10:02:20.731 [impalaquery] INFO  c.b.i.ImpalaqueryApplication [logStarting:55] - Starting ImpalaqueryApplication using Java 1.8.0_281 on DESKTOP-1QDM806 with PID 7708 (C:\Intellij\impalaquery\target\classes started by 81902 in C:\Intellij\impalaquery)
2025-03-18 10:02:20.737 [impalaquery] INFO  c.b.i.ImpalaqueryApplication [logStartupProfileInfo:638] - The following 1 profile is active: "dev"
2025-03-18 10:02:23.845 [impalaquery] INFO  c.b.i.ImpalaqueryApplication [logStarted:61] - Started ImpalaqueryApplication in 4.035 seconds (JVM running for 6.169)
2025-03-18 10:06:34.939 [impalaquery] INFO  c.b.i.ImpalaqueryApplication [logStarting:55] - Starting ImpalaqueryApplication using Java 1.8.0_281 on DESKTOP-1QDM806 with PID 4416 (C:\Intellij\impalaquery\target\classes started by 81902 in C:\Intellij\impalaquery)
2025-03-18 10:06:34.944 [impalaquery] INFO  c.b.i.ImpalaqueryApplication [logStartupProfileInfo:638] - The following 1 profile is active: "dev"
2025-03-18 10:06:38.287 [impalaquery] INFO  c.b.i.ImpalaqueryApplication [logStarted:61] - Started ImpalaqueryApplication in 4.276 seconds (JVM running for 6.11)
2025-03-18 10:07:49.550 [impalaquery] INFO  c.b.i.t.controller.Test2Controller [selectTest22:27] - [v] ---------- RestFul API CALL!! , param : {field_1=c} ----------
2025-03-18 10:07:49.559 [impalaquery] ERROR c.b.i.t.controller.Test2Controller [selectTest22:36] - Error occurred while calling the API: Invalid bound statement (not found): com.bsn.impalaquery.test2.mapper.Test2Mapper.selectTest22
org.apache.ibatis.binding.BindingException: Invalid bound statement (not found): com.bsn.impalaquery.test2.mapper.Test2Mapper.selectTest22
	at org.apache.ibatis.binding.MapperMethod$SqlCommand.<init>(MapperMethod.java:235)
	at org.apache.ibatis.binding.MapperMethod.<init>(MapperMethod.java:53)
	at org.apache.ibatis.binding.MapperProxy.lambda$cachedInvoker$0(MapperProxy.java:108)
	at java.util.concurrent.ConcurrentHashMap.computeIfAbsent(ConcurrentHashMap.java:1660)
	at org.apache.ibatis.util.MapUtil.computeIfAbsent(MapUtil.java:36)
	at org.apache.ibatis.binding.MapperProxy.cachedInvoker(MapperProxy.java:95)
	at org.apache.ibatis.binding.MapperProxy.invoke(MapperProxy.java:86)
	at com.sun.proxy.$Proxy62.selectTest22(Unknown Source)
	at com.bsn.impalaquery.test2.service.Test2Service.selectTest22(Test2Service.java:60)
	at com.bsn.impalaquery.test2.controller.Test2Controller.selectTest22(Test2Controller.java:33)
	at sun.reflect.NativeMethodAccessorImpl.invoke0(Native Method)
	at sun.reflect.NativeMethodAccessorImpl.invoke(NativeMethodAccessorImpl.java:62)
	at sun.reflect.DelegatingMethodAccessorImpl.invoke(DelegatingMethodAccessorImpl.java:43)
	at java.lang.reflect.Method.invoke(Method.java:498)
	at org.springframework.web.method.support.InvocableHandlerMethod.doInvoke(InvocableHandlerMethod.java:205)
	at org.springframework.web.method.support.InvocableHandlerMethod.invokeForRequest(InvocableHandlerMethod.java:150)
	at org.springframework.web.servlet.mvc.method.annotation.ServletInvocableHandlerMethod.invokeAndHandle(ServletInvocableHandlerMethod.java:117)
	at org.springframework.web.servlet.mvc.method.annotation.RequestMappingHandlerAdapter.invokeHandlerMethod(RequestMappingHandlerAdapter.java:895)
	at org.springframework.web.servlet.mvc.method.annotation.RequestMappingHandlerAdapter.handleInternal(RequestMappingHandlerAdapter.java:808)
	at org.springframework.web.servlet.mvc.method.AbstractHandlerMethodAdapter.handle(AbstractHandlerMethodAdapter.java:87)
	at org.springframework.web.servlet.DispatcherServlet.doDispatch(DispatcherServlet.java:1072)
	at org.springframework.web.servlet.DispatcherServlet.doService(DispatcherServlet.java:965)
	at org.springframework.web.servlet.FrameworkServlet.processRequest(FrameworkServlet.java:1006)
	at org.springframework.web.servlet.FrameworkServlet.doPost(FrameworkServlet.java:909)
	at javax.servlet.http.HttpServlet.service(HttpServlet.java:555)
	at org.springframework.web.servlet.FrameworkServlet.service(FrameworkServlet.java:883)
	at javax.servlet.http.HttpServlet.service(HttpServlet.java:623)
	at org.apache.catalina.core.ApplicationFilterChain.internalDoFilter(ApplicationFilterChain.java:209)
	at org.apache.catalina.core.ApplicationFilterChain.doFilter(ApplicationFilterChain.java:153)
	at org.apache.tomcat.websocket.server.WsFilter.doFilter(WsFilter.java:51)
	at org.apache.catalina.core.ApplicationFilterChain.internalDoFilter(ApplicationFilterChain.java:178)
	at org.apache.catalina.core.ApplicationFilterChain.doFilter(ApplicationFilterChain.java:153)
	at org.springframework.web.filter.RequestContextFilter.doFilterInternal(RequestContextFilter.java:100)
	at org.springframework.web.filter.OncePerRequestFilter.doFilter(OncePerRequestFilter.java:117)
	at org.apache.catalina.core.ApplicationFilterChain.internalDoFilter(ApplicationFilterChain.java:178)
	at org.apache.catalina.core.ApplicationFilterChain.doFilter(ApplicationFilterChain.java:153)
	at org.springframework.web.filter.FormContentFilter.doFilterInternal(FormContentFilter.java:93)
	at org.springframework.web.filter.OncePerRequestFilter.doFilter(OncePerRequestFilter.java:117)
	at org.apache.catalina.core.ApplicationFilterChain.internalDoFilter(ApplicationFilterChain.java:178)
	at org.apache.catalina.core.ApplicationFilterChain.doFilter(ApplicationFilterChain.java:153)
	at org.springframework.web.filter.CharacterEncodingFilter.doFilterInternal(CharacterEncodingFilter.java:201)
	at org.springframework.web.filter.OncePerRequestFilter.doFilter(OncePerRequestFilter.java:117)
	at org.apache.catalina.core.ApplicationFilterChain.internalDoFilter(ApplicationFilterChain.java:178)
	at org.apache.catalina.core.ApplicationFilterChain.doFilter(ApplicationFilterChain.java:153)
	at org.apache.catalina.core.StandardWrapperValve.invoke(StandardWrapperValve.java:168)
	at org.apache.catalina.core.StandardContextValve.invoke(StandardContextValve.java:90)
	at org.apache.catalina.authenticator.AuthenticatorBase.invoke(AuthenticatorBase.java:481)
	at org.apache.catalina.core.StandardHostValve.invoke(StandardHostValve.java:130)
	at org.apache.catalina.valves.ErrorReportValve.invoke(ErrorReportValve.java:93)
	at org.apache.catalina.core.StandardEngineValve.invoke(StandardEngineValve.java:74)
	at org.apache.catalina.connector.CoyoteAdapter.service(CoyoteAdapter.java:342)
	at org.apache.coyote.http11.Http11Processor.service(Http11Processor.java:390)
	at org.apache.coyote.AbstractProcessorLight.process(AbstractProcessorLight.java:63)
	at org.apache.coyote.AbstractProtocol$ConnectionHandler.process(AbstractProtocol.java:928)
	at org.apache.tomcat.util.net.NioEndpoint$SocketProcessor.doRun(NioEndpoint.java:1794)
	at org.apache.tomcat.util.net.SocketProcessorBase.run(SocketProcessorBase.java:52)
	at org.apache.tomcat.util.threads.ThreadPoolExecutor.runWorker(ThreadPoolExecutor.java:1191)
	at org.apache.tomcat.util.threads.ThreadPoolExecutor$Worker.run(ThreadPoolExecutor.java:659)
	at org.apache.tomcat.util.threads.TaskThread$WrappingRunnable.run(TaskThread.java:61)
	at java.lang.Thread.run(Thread.java:748)
2025-03-18 10:08:23.135 [impalaquery] INFO  c.b.i.ImpalaqueryApplication [logStarting:55] - Starting ImpalaqueryApplication using Java 1.8.0_281 on DESKTOP-1QDM806 with PID 3680 (C:\Intellij\impalaquery\target\classes started by 81902 in C:\Intellij\impalaquery)
2025-03-18 10:08:23.141 [impalaquery] INFO  c.b.i.ImpalaqueryApplication [logStartupProfileInfo:638] - The following 1 profile is active: "dev"
2025-03-18 10:08:25.447 [impalaquery] INFO  c.b.i.ImpalaqueryApplication [logStarted:61] - Started ImpalaqueryApplication in 3.064 seconds (JVM running for 4.38)
2025-03-18 10:08:36.687 [impalaquery] INFO  c.b.i.t.controller.Test2Controller [selectTest22:27] - [v] ---------- RestFul API CALL!! , param : {field_1=c} ----------
2025-03-18 10:08:36.695 [impalaquery] ERROR c.b.i.t.controller.Test2Controller [selectTest22:37] - Error occurred while calling the API: Invalid bound statement (not found): com.bsn.impalaquery.test2.mapper.Test2Mapper.selectTest22
org.apache.ibatis.binding.BindingException: Invalid bound statement (not found): com.bsn.impalaquery.test2.mapper.Test2Mapper.selectTest22
	at org.apache.ibatis.binding.MapperMethod$SqlCommand.<init>(MapperMethod.java:235)
	at org.apache.ibatis.binding.MapperMethod.<init>(MapperMethod.java:53)
	at org.apache.ibatis.binding.MapperProxy.lambda$cachedInvoker$0(MapperProxy.java:108)
	at java.util.concurrent.ConcurrentHashMap.computeIfAbsent(ConcurrentHashMap.java:1660)
	at org.apache.ibatis.util.MapUtil.computeIfAbsent(MapUtil.java:36)
	at org.apache.ibatis.binding.MapperProxy.cachedInvoker(MapperProxy.java:95)
	at org.apache.ibatis.binding.MapperProxy.invoke(MapperProxy.java:86)
	at com.sun.proxy.$Proxy62.selectTest22(Unknown Source)
	at com.bsn.impalaquery.test2.service.Test2Service.selectTest22(Test2Service.java:60)
	at com.bsn.impalaquery.test2.controller.Test2Controller.selectTest22(Test2Controller.java:34)
	at sun.reflect.NativeMethodAccessorImpl.invoke0(Native Method)
	at sun.reflect.NativeMethodAccessorImpl.invoke(NativeMethodAccessorImpl.java:62)
	at sun.reflect.DelegatingMethodAccessorImpl.invoke(DelegatingMethodAccessorImpl.java:43)
	at java.lang.reflect.Method.invoke(Method.java:498)
	at org.springframework.web.method.support.InvocableHandlerMethod.doInvoke(InvocableHandlerMethod.java:205)
	at org.springframework.web.method.support.InvocableHandlerMethod.invokeForRequest(InvocableHandlerMethod.java:150)
	at org.springframework.web.servlet.mvc.method.annotation.ServletInvocableHandlerMethod.invokeAndHandle(ServletInvocableHandlerMethod.java:117)
	at org.springframework.web.servlet.mvc.method.annotation.RequestMappingHandlerAdapter.invokeHandlerMethod(RequestMappingHandlerAdapter.java:895)
	at org.springframework.web.servlet.mvc.method.annotation.RequestMappingHandlerAdapter.handleInternal(RequestMappingHandlerAdapter.java:808)
	at org.springframework.web.servlet.mvc.method.AbstractHandlerMethodAdapter.handle(AbstractHandlerMethodAdapter.java:87)
	at org.springframework.web.servlet.DispatcherServlet.doDispatch(DispatcherServlet.java:1072)
	at org.springframework.web.servlet.DispatcherServlet.doService(DispatcherServlet.java:965)
	at org.springframework.web.servlet.FrameworkServlet.processRequest(FrameworkServlet.java:1006)
	at org.springframework.web.servlet.FrameworkServlet.doPost(FrameworkServlet.java:909)
	at javax.servlet.http.HttpServlet.service(HttpServlet.java:555)
	at org.springframework.web.servlet.FrameworkServlet.service(FrameworkServlet.java:883)
	at javax.servlet.http.HttpServlet.service(HttpServlet.java:623)
	at org.apache.catalina.core.ApplicationFilterChain.internalDoFilter(ApplicationFilterChain.java:209)
	at org.apache.catalina.core.ApplicationFilterChain.doFilter(ApplicationFilterChain.java:153)
	at org.apache.tomcat.websocket.server.WsFilter.doFilter(WsFilter.java:51)
	at org.apache.catalina.core.ApplicationFilterChain.internalDoFilter(ApplicationFilterChain.java:178)
	at org.apache.catalina.core.ApplicationFilterChain.doFilter(ApplicationFilterChain.java:153)
	at org.springframework.web.filter.RequestContextFilter.doFilterInternal(RequestContextFilter.java:100)
	at org.springframework.web.filter.OncePerRequestFilter.doFilter(OncePerRequestFilter.java:117)
	at org.apache.catalina.core.ApplicationFilterChain.internalDoFilter(ApplicationFilterChain.java:178)
	at org.apache.catalina.core.ApplicationFilterChain.doFilter(ApplicationFilterChain.java:153)
	at org.springframework.web.filter.FormContentFilter.doFilterInternal(FormContentFilter.java:93)
	at org.springframework.web.filter.OncePerRequestFilter.doFilter(OncePerRequestFilter.java:117)
	at org.apache.catalina.core.ApplicationFilterChain.internalDoFilter(ApplicationFilterChain.java:178)
	at org.apache.catalina.core.ApplicationFilterChain.doFilter(ApplicationFilterChain.java:153)
	at org.springframework.web.filter.CharacterEncodingFilter.doFilterInternal(CharacterEncodingFilter.java:201)
	at org.springframework.web.filter.OncePerRequestFilter.doFilter(OncePerRequestFilter.java:117)
	at org.apache.catalina.core.ApplicationFilterChain.internalDoFilter(ApplicationFilterChain.java:178)
	at org.apache.catalina.core.ApplicationFilterChain.doFilter(ApplicationFilterChain.java:153)
	at org.apache.catalina.core.StandardWrapperValve.invoke(StandardWrapperValve.java:168)
	at org.apache.catalina.core.StandardContextValve.invoke(StandardContextValve.java:90)
	at org.apache.catalina.authenticator.AuthenticatorBase.invoke(AuthenticatorBase.java:481)
	at org.apache.catalina.core.StandardHostValve.invoke(StandardHostValve.java:130)
	at org.apache.catalina.valves.ErrorReportValve.invoke(ErrorReportValve.java:93)
	at org.apache.catalina.core.StandardEngineValve.invoke(StandardEngineValve.java:74)
	at org.apache.catalina.connector.CoyoteAdapter.service(CoyoteAdapter.java:342)
	at org.apache.coyote.http11.Http11Processor.service(Http11Processor.java:390)
	at org.apache.coyote.AbstractProcessorLight.process(AbstractProcessorLight.java:63)
	at org.apache.coyote.AbstractProtocol$ConnectionHandler.process(AbstractProtocol.java:928)
	at org.apache.tomcat.util.net.NioEndpoint$SocketProcessor.doRun(NioEndpoint.java:1794)
	at org.apache.tomcat.util.net.SocketProcessorBase.run(SocketProcessorBase.java:52)
	at org.apache.tomcat.util.threads.ThreadPoolExecutor.runWorker(ThreadPoolExecutor.java:1191)
	at org.apache.tomcat.util.threads.ThreadPoolExecutor$Worker.run(ThreadPoolExecutor.java:659)
	at org.apache.tomcat.util.threads.TaskThread$WrappingRunnable.run(TaskThread.java:61)
	at java.lang.Thread.run(Thread.java:748)
2025-03-18 10:09:05.164 [impalaquery] INFO  c.b.i.ImpalaqueryApplication [logStarting:55] - Starting ImpalaqueryApplication using Java 1.8.0_281 on DESKTOP-1QDM806 with PID 932 (C:\Intellij\impalaquery\target\classes started by 81902 in C:\Intellij\impalaquery)
2025-03-18 10:09:05.171 [impalaquery] INFO  c.b.i.ImpalaqueryApplication [logStartupProfileInfo:638] - The following 1 profile is active: "dev"
2025-03-18 10:09:08.460 [impalaquery] INFO  c.b.i.ImpalaqueryApplication [logStarted:61] - Started ImpalaqueryApplication in 4.316 seconds (JVM running for 5.961)
2025-03-18 10:09:17.350 [impalaquery] INFO  c.b.i.t.controller.Test2Controller [selectTest22:27] - [v] ---------- RestFul API CALL!! , param : {field_1=c} ----------
2025-03-18 10:09:18.437 [impalaquery] INFO  c.b.i.t.controller.Test2Controller [selectTest22:35] - [{field_3=g, field_1=c, field_2=f}]
2025-03-18 10:09:27.585 [impalaquery] INFO  c.b.i.t.controller.Test2Controller [selectTest22:27] - [v] ---------- RestFul API CALL!! , param : {field_1=c} ----------
2025-03-18 10:09:28.431 [impalaquery] INFO  c.b.i.t.controller.Test2Controller [selectTest22:35] - [{field_3=g, field_1=c, field_2=f}]
2025-03-18 10:09:36.438 [impalaquery] INFO  c.b.i.t.controller.Test2Controller [selectTest22:27] - [v] ---------- RestFul API CALL!! , param : {field_1=c} ----------
2025-03-18 10:09:37.400 [impalaquery] INFO  c.b.i.t.controller.Test2Controller [selectTest22:35] - [{field_3=g, field_1=c, field_2=f}]
2025-03-18 10:09:46.690 [impalaquery] INFO  c.b.i.t.controller.Test2Controller [selectTest22:27] - [v] ---------- RestFul API CALL!! , param : {field_1=c} ----------
2025-03-18 10:09:47.588 [impalaquery] INFO  c.b.i.t.controller.Test2Controller [selectTest22:35] - [{field_3=g, field_1=c, field_2=f}]
2025-03-18 10:09:59.357 [impalaquery] INFO  c.b.i.t.controller.Test2Controller [selectTest22:27] - [v] ---------- RestFul API CALL!! , param : {field_1=c} ----------
2025-03-18 10:10:00.409 [impalaquery] INFO  c.b.i.t.controller.Test2Controller [selectTest22:35] - [{field_3=g, field_1=c, field_2=f}]
2025-03-18 10:17:22.356 [impalaquery] INFO  c.b.i.t.controller.Test2Controller [selectTest22:27] - [v] ---------- RestFul API CALL!! , param : {field_1=c} ----------
2025-03-18 10:17:22.825 [impalaquery] INFO  c.b.i.t.controller.Test2Controller [selectTest22:35] - [{field_3=g, field_1=c, field_2=f}]
2025-03-18 10:17:30.308 [impalaquery] INFO  c.b.i.t.controller.Test2Controller [selectTest22:27] - [v] ---------- RestFul API CALL!! , param : {field_1=c} ----------
2025-03-18 10:17:30.852 [impalaquery] INFO  c.b.i.t.controller.Test2Controller [selectTest22:35] - [{field_3=g, field_1=c, field_2=f}]
2025-03-18 10:17:38.424 [impalaquery] INFO  c.b.i.t.controller.Test2Controller [selectTest22:27] - [v] ---------- RestFul API CALL!! , param : {field_1=c} ----------
2025-03-18 10:17:39.117 [impalaquery] INFO  c.b.i.t.controller.Test2Controller [selectTest22:35] - [{field_3=g, field_1=c, field_2=f}]
2025-03-18 10:18:43.491 [impalaquery] INFO  c.b.i.t.controller.Test2Controller [selectTest22:27] - [v] ---------- RestFul API CALL!! , param : {field_1=c} ----------
2025-03-18 10:18:44.829 [impalaquery] INFO  c.b.i.t.controller.Test2Controller [selectTest22:35] - [{field_3=g, field_1=c, field_2=f}]
2025-03-18 10:19:09.387 [impalaquery] INFO  c.b.i.ImpalaqueryApplication [logStarting:55] - Starting ImpalaqueryApplication using Java 1.8.0_281 on DESKTOP-1QDM806 with PID 9616 (C:\Intellij\impalaquery\target\classes started by 81902 in C:\Intellij\impalaquery)
2025-03-18 10:19:09.393 [impalaquery] INFO  c.b.i.ImpalaqueryApplication [logStartupProfileInfo:638] - The following 1 profile is active: "dev"
2025-03-18 10:19:12.259 [impalaquery] INFO  c.b.i.ImpalaqueryApplication [logStarted:61] - Started ImpalaqueryApplication in 3.706 seconds (JVM running for 5.55)
2025-03-18 10:19:20.321 [impalaquery] INFO  c.b.i.t.controller.Test2Controller [selectTest22:27] - [v] ---------- RestFul API CALL!! , param : {field_1=c} ----------
2025-03-18 10:19:21.198 [impalaquery] INFO  c.b.i.t.controller.Test2Controller [selectTest22:35] - [{field_3=g, field_1=c, field_2=f}]
2025-03-18 10:19:34.904 [impalaquery] INFO  c.b.i.t.controller.Test2Controller [selectTest22:27] - [v] ---------- RestFul API CALL!! , param : {field_1=c} ----------
2025-03-18 10:19:35.768 [impalaquery] INFO  c.b.i.t.controller.Test2Controller [selectTest22:35] - [{field_3=g, field_1=c, field_2=f}]
2025-03-18 10:20:17.756 [impalaquery] INFO  c.b.i.ImpalaqueryApplication [logStarting:55] - Starting ImpalaqueryApplication using Java 1.8.0_281 on DESKTOP-1QDM806 with PID 19556 (C:\Intellij\impalaquery\target\classes started by 81902 in C:\Intellij\impalaquery)
2025-03-18 10:20:17.765 [impalaquery] INFO  c.b.i.ImpalaqueryApplication [logStartupProfileInfo:638] - The following 1 profile is active: "dev"
2025-03-18 10:20:20.850 [impalaquery] INFO  c.b.i.ImpalaqueryApplication [logStarted:61] - Started ImpalaqueryApplication in 4.61 seconds (JVM running for 7.341)
2025-03-18 10:23:11.460 [impalaquery] INFO  c.b.i.t.controller.Test2Controller [selectTest22:27] - [v] ---------- RestFul API CALL!! , param : {field_1=c} ----------
2025-03-18 10:23:12.401 [impalaquery] INFO  c.b.i.t.controller.Test2Controller [selectTest22:35] - [{field_3=g, field_1=c, field_2=f}]
2025-03-18 10:23:21.432 [impalaquery] INFO  c.b.i.t.controller.Test2Controller [selectTest22:27] - [v] ---------- RestFul API CALL!! , param : {field_1=c} ----------
2025-03-18 10:23:22.108 [impalaquery] INFO  c.b.i.t.controller.Test2Controller [selectTest22:35] - [{field_3=g, field_1=c, field_2=f}]
2025-03-18 10:23:29.851 [impalaquery] INFO  c.b.i.t.controller.Test2Controller [selectTest22:27] - [v] ---------- RestFul API CALL!! , param : {field_1=c} ----------
2025-03-18 10:23:30.662 [impalaquery] INFO  c.b.i.t.controller.Test2Controller [selectTest22:35] - [{field_3=g, field_1=c, field_2=f}]
2025-03-18 10:23:39.324 [impalaquery] INFO  c.b.i.t.controller.Test2Controller [selectTest22:27] - [v] ---------- RestFul API CALL!! , param : {field_1=c} ----------
2025-03-18 10:23:40.193 [impalaquery] INFO  c.b.i.t.controller.Test2Controller [selectTest22:35] - [{field_3=g, field_1=c, field_2=f}]
2025-03-18 10:23:49.587 [impalaquery] INFO  c.b.i.t.controller.Test2Controller [selectTest22:27] - [v] ---------- RestFul API CALL!! , param : {field_1=c} ----------
2025-03-18 10:23:50.656 [impalaquery] INFO  c.b.i.t.controller.Test2Controller [selectTest22:35] - [{field_3=g, field_1=c, field_2=f}]
2025-03-18 11:40:40.384 [impalaquery] INFO  c.b.i.t.controller.Test2Controller [selectTest22:27] - [v] ---------- RestFul API CALL!! , param : {field_1=c} ----------
2025-03-18 11:40:40.953 [impalaquery] INFO  c.b.i.t.controller.Test2Controller [selectTest22:35] - [{field_3=g, field_1=c, field_2=f}]
2025-03-18 11:40:58.091 [impalaquery] INFO  c.b.i.t.controller.Test2Controller [selectTest22:27] - [v] ---------- RestFul API CALL!! , param : {field_1=c} ----------
2025-03-18 11:40:58.651 [impalaquery] INFO  c.b.i.t.controller.Test2Controller [selectTest22:35] - [{field_3=g, field_1=c, field_2=f}]
2025-03-18 12:07:40.441 [impalaquery] INFO  c.b.i.ImpalaqueryApplication [logStarting:55] - Starting ImpalaqueryApplication using Java 1.8.0_281 on DESKTOP-1QDM806 with PID 9060 (C:\Intellij\impalaquery\target\classes started by 81902 in C:\Intellij\impalaquery)
2025-03-18 12:07:40.446 [impalaquery] INFO  c.b.i.ImpalaqueryApplication [logStartupProfileInfo:638] - The following 1 profile is active: "dev"
2025-03-18 12:07:43.372 [impalaquery] INFO  c.b.i.ImpalaqueryApplication [logStarted:61] - Started ImpalaqueryApplication in 3.595 seconds (JVM running for 5.095)
2025-03-18 12:33:33.266 [impalaquery] INFO  c.b.i.t.controller.Test2Controller [selectTest22:27] - [v] ---------- RestFul API CALL!! , param : {field_1=c} ----------
2025-03-18 12:33:33.812 [impalaquery] INFO  c.b.i.t.controller.Test2Controller [selectTest22:35] - [{field_3=g, field_1=c, field_2=f}]
2025-03-18 12:52:00.318 [impalaquery] INFO  c.b.i.t.controller.Test2Controller [selectTest22:27] - [v] ---------- RestFul API CALL!! , param : {field_1=c} ----------
2025-03-18 12:52:00.820 [impalaquery] INFO  c.b.i.t.controller.Test2Controller [selectTest22:35] - [{field_3=g, field_1=c, field_2=f}]
2025-03-18 13:30:47.961 [impalaquery] INFO  c.b.i.t.controller.Test2Controller [selectTest22:27] - [v] ---------- RestFul API CALL!! , param : {field_1=c} ----------
2025-03-18 13:30:48.503 [impalaquery] INFO  c.b.i.t.controller.Test2Controller [selectTest22:35] - [{field_3=g, field_1=c, field_2=f}]
2025-03-18 13:30:56.356 [impalaquery] INFO  c.b.i.t.controller.Test2Controller [selectTest22:27] - [v] ---------- RestFul API CALL!! , param : {field_1=c} ----------
2025-03-18 13:30:56.925 [impalaquery] INFO  c.b.i.t.controller.Test2Controller [selectTest22:35] - [{field_3=g, field_1=c, field_2=f}]
2025-03-18 13:31:06.013 [impalaquery] INFO  c.b.i.t.controller.Test2Controller [selectTest22:27] - [v] ---------- RestFul API CALL!! , param : {field_1=c} ----------
2025-03-18 13:31:06.858 [impalaquery] INFO  c.b.i.t.controller.Test2Controller [selectTest22:35] - [{field_3=g, field_1=c, field_2=f}]
